This is pdfTeX, Version 3.141592653-2.6-1.40.22 (TeX Live 2022/dev/Debian) (preloaded format=pdflatex 2024.5.8)  29 JUN 2024 11:25
entering extended mode
 restricted \write18 enabled.
 %&-line parsing enabled.
**main.tex
(./main.tex
LaTeX2e <2021-11-15> patch level 1
L3 programming layer <2022-01-21>
(/usr/share/texlive/texmf-dist/tex/latex/base/article.cls
Document Class: article 2021/10/04 v1.4n Standard LaTeX document class
(/usr/share/texlive/texmf-dist/tex/latex/base/size10.clo
File: size10.clo 2021/10/04 v1.4n Standard LaTeX file (size option)
)
\c@part=\count185
\c@section=\count186
\c@subsection=\count187
\c@subsubsection=\count188
\c@paragraph=\count189
\c@subparagraph=\count190
\c@figure=\count191
\c@table=\count192
\abovecaptionskip=\skip47
\belowcaptionskip=\skip48
\bibindent=\dimen138
)
(/usr/share/texlive/texmf-dist/tex/latex/amsmath/amsmath.sty
Package: amsmath 2021/10/15 v2.17l AMS math features
\@mathmargin=\skip49

For additional information on amsmath, use the `?' option.
(/usr/share/texlive/texmf-dist/tex/latex/amsmath/amstext.sty
Package: amstext 2021/08/26 v2.01 AMS text

(/usr/share/texlive/texmf-dist/tex/latex/amsmath/amsgen.sty
File: amsgen.sty 1999/11/30 v2.0 generic functions
\@emptytoks=\toks16
\ex@=\dimen139
))
(/usr/share/texlive/texmf-dist/tex/latex/amsmath/amsbsy.sty
Package: amsbsy 1999/11/29 v1.2d Bold Symbols
\pmbraise@=\dimen140
)
(/usr/share/texlive/texmf-dist/tex/latex/amsmath/amsopn.sty
Package: amsopn 2021/08/26 v2.02 operator names
)
\inf@bad=\count193
LaTeX Info: Redefining \frac on input line 234.
\uproot@=\count194
\leftroot@=\count195
LaTeX Info: Redefining \overline on input line 399.
\classnum@=\count196
\DOTSCASE@=\count197
LaTeX Info: Redefining \ldots on input line 496.
LaTeX Info: Redefining \dots on input line 499.
LaTeX Info: Redefining \cdots on input line 620.
\Mathstrutbox@=\box50
\strutbox@=\box51
\big@size=\dimen141
LaTeX Font Info:    Redeclaring font encoding OML on input line 743.
LaTeX Font Info:    Redeclaring font encoding OMS on input line 744.
\macc@depth=\count198
\c@MaxMatrixCols=\count199
\dotsspace@=\muskip16
\c@parentequation=\count266
\dspbrk@lvl=\count267
\tag@help=\toks17
\row@=\count268
\column@=\count269
\maxfields@=\count270
\andhelp@=\toks18
\eqnshift@=\dimen142
\alignsep@=\dimen143
\tagshift@=\dimen144
\tagwidth@=\dimen145
\totwidth@=\dimen146
\lineht@=\dimen147
\@envbody=\toks19
\multlinegap=\skip50
\multlinetaggap=\skip51
\mathdisplay@stack=\toks20
LaTeX Info: Redefining \[ on input line 2938.
LaTeX Info: Redefining \] on input line 2939.
)
(/usr/share/texlive/texmf-dist/tex/latex/amsfonts/amsfonts.sty
Package: amsfonts 2013/01/14 v3.01 Basic AMSFonts support
\symAMSa=\mathgroup4
\symAMSb=\mathgroup5
LaTeX Font Info:    Redeclaring math symbol \hbar on input line 98.
LaTeX Font Info:    Overwriting math alphabet `\mathfrak' in version `bold'
(Font)                  U/euf/m/n --> U/euf/b/n on input line 106.
)
(/usr/share/texlive/texmf-dist/tex/latex/amsfonts/amssymb.sty
Package: amssymb 2013/01/14 v3.01 AMS font symbols
)
(/usr/share/texlive/texmf-dist/tex/latex/graphics/graphicx.sty
Package: graphicx 2021/09/16 v1.2d Enhanced LaTeX Graphics (DPC,SPQR)

(/usr/share/texlive/texmf-dist/tex/latex/graphics/keyval.sty
Package: keyval 2014/10/28 v1.15 key=value parser (DPC)
\KV@toks@=\toks21
)
(/usr/share/texlive/texmf-dist/tex/latex/graphics/graphics.sty
Package: graphics 2021/03/04 v1.4d Standard LaTeX Graphics (DPC,SPQR)

(/usr/share/texlive/texmf-dist/tex/latex/graphics/trig.sty
Package: trig 2021/08/11 v1.11 sin cos tan (DPC)
)
(/usr/share/texlive/texmf-dist/tex/latex/graphics-cfg/graphics.cfg
File: graphics.cfg 2016/06/04 v1.11 sample graphics configuration
)
Package graphics Info: Driver file: pdftex.def on input line 107.

(/usr/share/texlive/texmf-dist/tex/latex/graphics-def/pdftex.def
File: pdftex.def 2020/10/05 v1.2a Graphics/color driver for pdftex
))
\Gin@req@height=\dimen148
\Gin@req@width=\dimen149
)
(/usr/share/texlive/texmf-dist/tex/latex/tools/verbatim.sty
Package: verbatim 2020-07-07 v1.5u LaTeX2e package for verbatim enhancements
\every@verbatim=\toks22
\verbatim@line=\toks23
\verbatim@in@stream=\read2
)
(/usr/share/texlive/texmf-dist/tex/latex/lineno/lineno.sty
Package: lineno 2005/11/02 line numbers on paragraphs v4.41
\linenopenalty=\count271
\output=\toks24
\linenoprevgraf=\count272
\linenumbersep=\dimen150
\linenumberwidth=\dimen151
\c@linenumber=\count273
\c@pagewiselinenumber=\count274
\c@LN@truepage=\count275
\c@internallinenumber=\count276
\c@internallinenumbers=\count277
\quotelinenumbersep=\dimen152
\bframerule=\dimen153
\bframesep=\dimen154
\bframebox=\box52
LaTeX Info: Redefining \\ on input line 3056.
)
(/usr/share/texlive/texmf-dist/tex/latex/hyperref/hyperref.sty
Package: hyperref 2021-06-07 v7.00m Hypertext links for LaTeX

(/usr/share/texlive/texmf-dist/tex/generic/ltxcmds/ltxcmds.sty
Package: ltxcmds 2020-05-10 v1.25 LaTeX kernel commands for general use (HO)
)
(/usr/share/texlive/texmf-dist/tex/generic/iftex/iftex.sty
Package: iftex 2020/03/06 v1.0d TeX engine tests
)
(/usr/share/texlive/texmf-dist/tex/generic/pdftexcmds/pdftexcmds.sty
Package: pdftexcmds 2020-06-27 v0.33 Utility functions of pdfTeX for LuaTeX (HO
)

(/usr/share/texlive/texmf-dist/tex/generic/infwarerr/infwarerr.sty
Package: infwarerr 2019/12/03 v1.5 Providing info/warning/error messages (HO)
)
Package pdftexcmds Info: \pdf@primitive is available.
Package pdftexcmds Info: \pdf@ifprimitive is available.
Package pdftexcmds Info: \pdfdraftmode found.
)
(/usr/share/texlive/texmf-dist/tex/generic/kvsetkeys/kvsetkeys.sty
Package: kvsetkeys 2019/12/15 v1.18 Key value parser (HO)
)
(/usr/share/texlive/texmf-dist/tex/generic/kvdefinekeys/kvdefinekeys.sty
Package: kvdefinekeys 2019-12-19 v1.6 Define keys (HO)
)
(/usr/share/texlive/texmf-dist/tex/generic/pdfescape/pdfescape.sty
Package: pdfescape 2019/12/09 v1.15 Implements pdfTeX's escape features (HO)
)
(/usr/share/texlive/texmf-dist/tex/latex/hycolor/hycolor.sty
Package: hycolor 2020-01-27 v1.10 Color options for hyperref/bookmark (HO)
)
(/usr/share/texlive/texmf-dist/tex/latex/letltxmacro/letltxmacro.sty
Package: letltxmacro 2019/12/03 v1.6 Let assignment for LaTeX macros (HO)
)
(/usr/share/texlive/texmf-dist/tex/latex/auxhook/auxhook.sty
Package: auxhook 2019-12-17 v1.6 Hooks for auxiliary files (HO)
)
(/usr/share/texlive/texmf-dist/tex/latex/kvoptions/kvoptions.sty
Package: kvoptions 2020-10-07 v3.14 Key value format for package options (HO)
)
\@linkdim=\dimen155
\Hy@linkcounter=\count278
\Hy@pagecounter=\count279

(/usr/share/texlive/texmf-dist/tex/latex/hyperref/pd1enc.def
File: pd1enc.def 2021-06-07 v7.00m Hyperref: PDFDocEncoding definition (HO)
Now handling font encoding PD1 ...
... no UTF-8 mapping file for font encoding PD1
)
(/usr/share/texlive/texmf-dist/tex/latex/hyperref/hyperref-langpatches.def
File: hyperref-langpatches.def 2021-06-07 v7.00m Hyperref: patches for babel la
nguages
)
(/usr/share/texlive/texmf-dist/tex/generic/intcalc/intcalc.sty
Package: intcalc 2019/12/15 v1.3 Expandable calculations with integers (HO)
)
(/usr/share/texlive/texmf-dist/tex/generic/etexcmds/etexcmds.sty
Package: etexcmds 2019/12/15 v1.7 Avoid name clashes with e-TeX commands (HO)
)
\Hy@SavedSpaceFactor=\count280

(/usr/share/texlive/texmf-dist/tex/latex/hyperref/puenc.def
File: puenc.def 2021-06-07 v7.00m Hyperref: PDF Unicode definition (HO)
Now handling font encoding PU ...
... no UTF-8 mapping file for font encoding PU
)
Package hyperref Info: Hyper figures OFF on input line 4192.
Package hyperref Info: Link nesting OFF on input line 4197.
Package hyperref Info: Hyper index ON on input line 4200.
Package hyperref Info: Plain pages OFF on input line 4207.
Package hyperref Info: Backreferencing OFF on input line 4212.
Package hyperref Info: Implicit mode ON; LaTeX internals redefined.
Package hyperref Info: Bookmarks ON on input line 4445.
\c@Hy@tempcnt=\count281

(/usr/share/texlive/texmf-dist/tex/latex/url/url.sty
\Urlmuskip=\muskip17
Package: url 2013/09/16  ver 3.4  Verb mode for urls, etc.
)
LaTeX Info: Redefining \url on input line 4804.
\XeTeXLinkMargin=\dimen156

(/usr/share/texlive/texmf-dist/tex/generic/bitset/bitset.sty
Package: bitset 2019/12/09 v1.3 Handle bit-vector datatype (HO)

(/usr/share/texlive/texmf-dist/tex/generic/bigintcalc/bigintcalc.sty
Package: bigintcalc 2019/12/15 v1.5 Expandable calculations on big integers (HO
)
))
\Fld@menulength=\count282
\Field@Width=\dimen157
\Fld@charsize=\dimen158
Package hyperref Info: Hyper figures OFF on input line 6076.
Package hyperref Info: Link nesting OFF on input line 6081.
Package hyperref Info: Hyper index ON on input line 6084.
Package hyperref Info: backreferencing OFF on input line 6091.
Package hyperref Info: Link coloring OFF on input line 6096.
Package hyperref Info: Link coloring with OCG OFF on input line 6101.
Package hyperref Info: PDF/A mode OFF on input line 6106.
LaTeX Info: Redefining \ref on input line 6146.
LaTeX Info: Redefining \pageref on input line 6150.

(/usr/share/texlive/texmf-dist/tex/latex/base/atbegshi-ltx.sty
Package: atbegshi-ltx 2021/01/10 v1.0c Emulation of the original atbegshi
package with kernel methods
)
\Hy@abspage=\count283
\c@Item=\count284
\c@Hfootnote=\count285
)
Package hyperref Info: Driver (autodetected): hpdftex.

(/usr/share/texlive/texmf-dist/tex/latex/hyperref/hpdftex.def
File: hpdftex.def 2021-06-07 v7.00m Hyperref driver for pdfTeX

(/usr/share/texlive/texmf-dist/tex/latex/base/atveryend-ltx.sty
Package: atveryend-ltx 2020/08/19 v1.0a Emulation of the original atveryend pac
kage
with kernel methods
)
\Fld@listcount=\count286
\c@bookmark@seq@number=\count287

(/usr/share/texlive/texmf-dist/tex/latex/rerunfilecheck/rerunfilecheck.sty
Package: rerunfilecheck 2019/12/05 v1.9 Rerun checks for auxiliary files (HO)

(/usr/share/texlive/texmf-dist/tex/generic/uniquecounter/uniquecounter.sty
Package: uniquecounter 2019/12/15 v1.4 Provide unlimited unique counter (HO)
)
Package uniquecounter Info: New unique counter `rerunfilecheck' on input line 2
86.
)
\Hy@SectionHShift=\skip52
)
(/usr/share/texlive/texmf-dist/tex/latex/subfig/subfig.sty
Package: subfig 2005/06/28 ver: 1.3 subfig package

(/usr/share/texlive/texmf-dist/tex/latex/caption/caption.sty
Package: caption 2020/10/26 v3.5g Customizing captions (AR)

(/usr/share/texlive/texmf-dist/tex/latex/caption/caption3.sty
Package: caption3 2020/10/21 v2.2e caption3 kernel (AR)
\captionmargin=\dimen159
\captionmargin@=\dimen160
\captionwidth=\dimen161
\caption@tempdima=\dimen162
\caption@indent=\dimen163
\caption@parindent=\dimen164
\caption@hangindent=\dimen165
Package caption Info: Standard document class detected.
)
\c@caption@flags=\count288
\c@continuedfloat=\count289
Package caption Info: hyperref package is loaded.
)
\c@KVtest=\count290
\sf@farskip=\skip53
\sf@captopadj=\dimen166
\sf@capskip=\skip54
\sf@nearskip=\skip55
\c@subfigure=\count291
\c@subfigure@save=\count292
\c@lofdepth=\count293
\c@subtable=\count294
\c@subtable@save=\count295
\c@lotdepth=\count296
\sf@top=\skip56
\sf@bottom=\skip57
)
(/usr/share/texlive/texmf-dist/tex/latex/float/float.sty
Package: float 2001/11/08 v1.3d Float enhancements (AL)
\c@float@type=\count297
\float@exts=\toks25
\float@box=\box53
\@float@everytoks=\toks26
\@floatcapt=\box54
)

! LaTeX Error: File `algorithm.sty' not found.

Type X to quit or <RETURN> to proceed,
or enter new name. (Default extension: sty)

Enter file name: 

! LaTeX Error: File `algpseudocode.sty' not found.

Type X to quit or <RETURN> to proceed,
or enter new name. (Default extension: sty)

Enter file name: 
(/usr/share/texlive/texmf-dist/tex/latex/pgfplots/pgfplots.sty
(/usr/share/texlive/texmf-dist/tex/generic/pgfplots/pgfplots.revision.tex)
Package: pgfplots 2021/05/15 v1.18.1 Data Visualization (1.18.1)

(/usr/share/texlive/texmf-dist/tex/latex/pgf/frontendlayer/tikz.sty
(/usr/share/texlive/texmf-dist/tex/latex/pgf/basiclayer/pgf.sty
(/usr/share/texlive/texmf-dist/tex/latex/pgf/utilities/pgfrcs.sty
(/usr/share/texlive/texmf-dist/tex/generic/pgf/utilities/pgfutil-common.tex
\pgfutil@everybye=\toks27
\pgfutil@tempdima=\dimen167
\pgfutil@tempdimb=\dimen168

(/usr/share/texlive/texmf-dist/tex/generic/pgf/utilities/pgfutil-common-lists.t
ex)) (/usr/share/texlive/texmf-dist/tex/generic/pgf/utilities/pgfutil-latex.def
\pgfutil@abb=\box55
) (/usr/share/texlive/texmf-dist/tex/generic/pgf/utilities/pgfrcs.code.tex
(/usr/share/texlive/texmf-dist/tex/generic/pgf/pgf.revision.tex)
Package: pgfrcs 2021/05/15 v3.1.9a (3.1.9a)
))
Package: pgf 2021/05/15 v3.1.9a (3.1.9a)

(/usr/share/texlive/texmf-dist/tex/latex/pgf/basiclayer/pgfcore.sty
(/usr/share/texlive/texmf-dist/tex/latex/pgf/systemlayer/pgfsys.sty
(/usr/share/texlive/texmf-dist/tex/generic/pgf/systemlayer/pgfsys.code.tex
Package: pgfsys 2021/05/15 v3.1.9a (3.1.9a)

(/usr/share/texlive/texmf-dist/tex/generic/pgf/utilities/pgfkeys.code.tex
\pgfkeys@pathtoks=\toks28
\pgfkeys@temptoks=\toks29

(/usr/share/texlive/texmf-dist/tex/generic/pgf/utilities/pgfkeysfiltered.code.t
ex
\pgfkeys@tmptoks=\toks30
))
\pgf@x=\dimen169
\pgf@y=\dimen170
\pgf@xa=\dimen171
\pgf@ya=\dimen172
\pgf@xb=\dimen173
\pgf@yb=\dimen174
\pgf@xc=\dimen175
\pgf@yc=\dimen176
\pgf@xd=\dimen177
\pgf@yd=\dimen178
\w@pgf@writea=\write3
\r@pgf@reada=\read3
\c@pgf@counta=\count298
\c@pgf@countb=\count299
\c@pgf@countc=\count300
\c@pgf@countd=\count301
\t@pgf@toka=\toks31
\t@pgf@tokb=\toks32
\t@pgf@tokc=\toks33
\pgf@sys@id@count=\count302
 (/usr/share/texlive/texmf-dist/tex/generic/pgf/systemlayer/pgf.cfg
File: pgf.cfg 2021/05/15 v3.1.9a (3.1.9a)
)
Driver file for pgf: pgfsys-pdftex.def

(/usr/share/texlive/texmf-dist/tex/generic/pgf/systemlayer/pgfsys-pdftex.def
File: pgfsys-pdftex.def 2021/05/15 v3.1.9a (3.1.9a)

(/usr/share/texlive/texmf-dist/tex/generic/pgf/systemlayer/pgfsys-common-pdf.de
f
File: pgfsys-common-pdf.def 2021/05/15 v3.1.9a (3.1.9a)
)))
(/usr/share/texlive/texmf-dist/tex/generic/pgf/systemlayer/pgfsyssoftpath.code.
tex
File: pgfsyssoftpath.code.tex 2021/05/15 v3.1.9a (3.1.9a)
\pgfsyssoftpath@smallbuffer@items=\count303
\pgfsyssoftpath@bigbuffer@items=\count304
)
(/usr/share/texlive/texmf-dist/tex/generic/pgf/systemlayer/pgfsysprotocol.code.
tex
File: pgfsysprotocol.code.tex 2021/05/15 v3.1.9a (3.1.9a)
)) (/usr/share/texlive/texmf-dist/tex/latex/xcolor/xcolor.sty
Package: xcolor 2021/10/31 v2.13 LaTeX color extensions (UK)

(/usr/share/texlive/texmf-dist/tex/latex/graphics-cfg/color.cfg
File: color.cfg 2016/01/02 v1.6 sample color configuration
)
Package xcolor Info: Driver file: pdftex.def on input line 227.
Package xcolor Info: Model `cmy' substituted by `cmy0' on input line 1352.
Package xcolor Info: Model `hsb' substituted by `rgb' on input line 1356.
Package xcolor Info: Model `RGB' extended on input line 1368.
Package xcolor Info: Model `HTML' substituted by `rgb' on input line 1370.
Package xcolor Info: Model `Hsb' substituted by `hsb' on input line 1371.
Package xcolor Info: Model `tHsb' substituted by `hsb' on input line 1372.
Package xcolor Info: Model `HSB' substituted by `hsb' on input line 1373.
Package xcolor Info: Model `Gray' substituted by `gray' on input line 1374.
Package xcolor Info: Model `wave' substituted by `hsb' on input line 1375.
)
(/usr/share/texlive/texmf-dist/tex/generic/pgf/basiclayer/pgfcore.code.tex
Package: pgfcore 2021/05/15 v3.1.9a (3.1.9a)

(/usr/share/texlive/texmf-dist/tex/generic/pgf/math/pgfmath.code.tex
(/usr/share/texlive/texmf-dist/tex/generic/pgf/math/pgfmathcalc.code.tex
(/usr/share/texlive/texmf-dist/tex/generic/pgf/math/pgfmathutil.code.tex)
(/usr/share/texlive/texmf-dist/tex/generic/pgf/math/pgfmathparser.code.tex
\pgfmath@dimen=\dimen179
\pgfmath@count=\count305
\pgfmath@box=\box56
\pgfmath@toks=\toks34
\pgfmath@stack@operand=\toks35
\pgfmath@stack@operation=\toks36
)
(/usr/share/texlive/texmf-dist/tex/generic/pgf/math/pgfmathfunctions.code.tex
(/usr/share/texlive/texmf-dist/tex/generic/pgf/math/pgfmathfunctions.basic.code
.tex)
(/usr/share/texlive/texmf-dist/tex/generic/pgf/math/pgfmathfunctions.trigonomet
ric.code.tex)
(/usr/share/texlive/texmf-dist/tex/generic/pgf/math/pgfmathfunctions.random.cod
e.tex)
(/usr/share/texlive/texmf-dist/tex/generic/pgf/math/pgfmathfunctions.comparison
.code.tex)
(/usr/share/texlive/texmf-dist/tex/generic/pgf/math/pgfmathfunctions.base.code.
tex)
(/usr/share/texlive/texmf-dist/tex/generic/pgf/math/pgfmathfunctions.round.code
.tex)
(/usr/share/texlive/texmf-dist/tex/generic/pgf/math/pgfmathfunctions.misc.code.
tex)
(/usr/share/texlive/texmf-dist/tex/generic/pgf/math/pgfmathfunctions.integerari
thmetics.code.tex)))
(/usr/share/texlive/texmf-dist/tex/generic/pgf/math/pgfmathfloat.code.tex
\c@pgfmathroundto@lastzeros=\count306
))
(/usr/share/texlive/texmf-dist/tex/generic/pgf/math/pgfint.code.tex)
(/usr/share/texlive/texmf-dist/tex/generic/pgf/basiclayer/pgfcorepoints.code.te
x
File: pgfcorepoints.code.tex 2021/05/15 v3.1.9a (3.1.9a)
\pgf@picminx=\dimen180
\pgf@picmaxx=\dimen181
\pgf@picminy=\dimen182
\pgf@picmaxy=\dimen183
\pgf@pathminx=\dimen184
\pgf@pathmaxx=\dimen185
\pgf@pathminy=\dimen186
\pgf@pathmaxy=\dimen187
\pgf@xx=\dimen188
\pgf@xy=\dimen189
\pgf@yx=\dimen190
\pgf@yy=\dimen191
\pgf@zx=\dimen192
\pgf@zy=\dimen193
)
(/usr/share/texlive/texmf-dist/tex/generic/pgf/basiclayer/pgfcorepathconstruct.
code.tex
File: pgfcorepathconstruct.code.tex 2021/05/15 v3.1.9a (3.1.9a)
\pgf@path@lastx=\dimen194
\pgf@path@lasty=\dimen195
)
(/usr/share/texlive/texmf-dist/tex/generic/pgf/basiclayer/pgfcorepathusage.code
.tex
File: pgfcorepathusage.code.tex 2021/05/15 v3.1.9a (3.1.9a)
\pgf@shorten@end@additional=\dimen196
\pgf@shorten@start@additional=\dimen197
)
(/usr/share/texlive/texmf-dist/tex/generic/pgf/basiclayer/pgfcorescopes.code.te
x
File: pgfcorescopes.code.tex 2021/05/15 v3.1.9a (3.1.9a)
\pgfpic=\box57
\pgf@hbox=\box58
\pgf@layerbox@main=\box59
\pgf@picture@serial@count=\count307
)
(/usr/share/texlive/texmf-dist/tex/generic/pgf/basiclayer/pgfcoregraphicstate.c
ode.tex
File: pgfcoregraphicstate.code.tex 2021/05/15 v3.1.9a (3.1.9a)
\pgflinewidth=\dimen198
)
(/usr/share/texlive/texmf-dist/tex/generic/pgf/basiclayer/pgfcoretransformation
s.code.tex
File: pgfcoretransformations.code.tex 2021/05/15 v3.1.9a (3.1.9a)
\pgf@pt@x=\dimen199
\pgf@pt@y=\dimen256
\pgf@pt@temp=\dimen257
)
(/usr/share/texlive/texmf-dist/tex/generic/pgf/basiclayer/pgfcorequick.code.tex
File: pgfcorequick.code.tex 2021/05/15 v3.1.9a (3.1.9a)
)
(/usr/share/texlive/texmf-dist/tex/generic/pgf/basiclayer/pgfcoreobjects.code.t
ex
File: pgfcoreobjects.code.tex 2021/05/15 v3.1.9a (3.1.9a)
)
(/usr/share/texlive/texmf-dist/tex/generic/pgf/basiclayer/pgfcorepathprocessing
.code.tex
File: pgfcorepathprocessing.code.tex 2021/05/15 v3.1.9a (3.1.9a)
)
(/usr/share/texlive/texmf-dist/tex/generic/pgf/basiclayer/pgfcorearrows.code.te
x
File: pgfcorearrows.code.tex 2021/05/15 v3.1.9a (3.1.9a)
\pgfarrowsep=\dimen258
)
(/usr/share/texlive/texmf-dist/tex/generic/pgf/basiclayer/pgfcoreshade.code.tex
File: pgfcoreshade.code.tex 2021/05/15 v3.1.9a (3.1.9a)
\pgf@max=\dimen259
\pgf@sys@shading@range@num=\count308
\pgf@shadingcount=\count309
)
(/usr/share/texlive/texmf-dist/tex/generic/pgf/basiclayer/pgfcoreimage.code.tex
File: pgfcoreimage.code.tex 2021/05/15 v3.1.9a (3.1.9a)

(/usr/share/texlive/texmf-dist/tex/generic/pgf/basiclayer/pgfcoreexternal.code.
tex
File: pgfcoreexternal.code.tex 2021/05/15 v3.1.9a (3.1.9a)
\pgfexternal@startupbox=\box60
))
(/usr/share/texlive/texmf-dist/tex/generic/pgf/basiclayer/pgfcorelayers.code.te
x
File: pgfcorelayers.code.tex 2021/05/15 v3.1.9a (3.1.9a)
)
(/usr/share/texlive/texmf-dist/tex/generic/pgf/basiclayer/pgfcoretransparency.c
ode.tex
File: pgfcoretransparency.code.tex 2021/05/15 v3.1.9a (3.1.9a)
)
(/usr/share/texlive/texmf-dist/tex/generic/pgf/basiclayer/pgfcorepatterns.code.
tex
File: pgfcorepatterns.code.tex 2021/05/15 v3.1.9a (3.1.9a)
)
(/usr/share/texlive/texmf-dist/tex/generic/pgf/basiclayer/pgfcorerdf.code.tex
File: pgfcorerdf.code.tex 2021/05/15 v3.1.9a (3.1.9a)
)))
(/usr/share/texlive/texmf-dist/tex/generic/pgf/modules/pgfmoduleshapes.code.tex
File: pgfmoduleshapes.code.tex 2021/05/15 v3.1.9a (3.1.9a)
\pgfnodeparttextbox=\box61
) (/usr/share/texlive/texmf-dist/tex/generic/pgf/modules/pgfmoduleplot.code.tex
File: pgfmoduleplot.code.tex 2021/05/15 v3.1.9a (3.1.9a)
)
(/usr/share/texlive/texmf-dist/tex/latex/pgf/compatibility/pgfcomp-version-0-65
.sty
Package: pgfcomp-version-0-65 2021/05/15 v3.1.9a (3.1.9a)
\pgf@nodesepstart=\dimen260
\pgf@nodesepend=\dimen261
)
(/usr/share/texlive/texmf-dist/tex/latex/pgf/compatibility/pgfcomp-version-1-18
.sty
Package: pgfcomp-version-1-18 2021/05/15 v3.1.9a (3.1.9a)
)) (/usr/share/texlive/texmf-dist/tex/latex/pgf/utilities/pgffor.sty
(/usr/share/texlive/texmf-dist/tex/latex/pgf/utilities/pgfkeys.sty
(/usr/share/texlive/texmf-dist/tex/generic/pgf/utilities/pgfkeys.code.tex))
(/usr/share/texlive/texmf-dist/tex/latex/pgf/math/pgfmath.sty
(/usr/share/texlive/texmf-dist/tex/generic/pgf/math/pgfmath.code.tex))
(/usr/share/texlive/texmf-dist/tex/generic/pgf/utilities/pgffor.code.tex
Package: pgffor 2021/05/15 v3.1.9a (3.1.9a)

(/usr/share/texlive/texmf-dist/tex/generic/pgf/math/pgfmath.code.tex)
\pgffor@iter=\dimen262
\pgffor@skip=\dimen263
\pgffor@stack=\toks37
\pgffor@toks=\toks38
))
(/usr/share/texlive/texmf-dist/tex/generic/pgf/frontendlayer/tikz/tikz.code.tex
Package: tikz 2021/05/15 v3.1.9a (3.1.9a)

(/usr/share/texlive/texmf-dist/tex/generic/pgf/libraries/pgflibraryplothandlers
.code.tex
File: pgflibraryplothandlers.code.tex 2021/05/15 v3.1.9a (3.1.9a)
\pgf@plot@mark@count=\count310
\pgfplotmarksize=\dimen264
)
\tikz@lastx=\dimen265
\tikz@lasty=\dimen266
\tikz@lastxsaved=\dimen267
\tikz@lastysaved=\dimen268
\tikz@lastmovetox=\dimen269
\tikz@lastmovetoy=\dimen270
\tikzleveldistance=\dimen271
\tikzsiblingdistance=\dimen272
\tikz@figbox=\box62
\tikz@figbox@bg=\box63
\tikz@tempbox=\box64
\tikz@tempbox@bg=\box65
\tikztreelevel=\count311
\tikznumberofchildren=\count312
\tikznumberofcurrentchild=\count313
\tikz@fig@count=\count314

(/usr/share/texlive/texmf-dist/tex/generic/pgf/modules/pgfmodulematrix.code.tex
File: pgfmodulematrix.code.tex 2021/05/15 v3.1.9a (3.1.9a)
\pgfmatrixcurrentrow=\count315
\pgfmatrixcurrentcolumn=\count316
\pgf@matrix@numberofcolumns=\count317
)
\tikz@expandcount=\count318

(/usr/share/texlive/texmf-dist/tex/generic/pgf/frontendlayer/tikz/libraries/tik
zlibrarytopaths.code.tex
File: tikzlibrarytopaths.code.tex 2021/05/15 v3.1.9a (3.1.9a)
)))
(/usr/share/texlive/texmf-dist/tex/generic/pgfplots/pgfplots.code.tex
(/usr/share/texlive/texmf-dist/tex/generic/pgfplots/pgfplotscore.code.tex
\t@pgfplots@toka=\toks39
\t@pgfplots@tokb=\toks40
\t@pgfplots@tokc=\toks41
\pgfplots@tmpa=\dimen273
\c@pgfplots@coordindex=\count319
\c@pgfplots@scanlineindex=\count320

(/usr/share/texlive/texmf-dist/tex/generic/pgfplots/sys/pgfplotssysgeneric.code
.tex))
(/usr/share/texlive/texmf-dist/tex/generic/pgfplots/libs/pgfplotslibrary.code.t
ex)
(/usr/share/texlive/texmf-dist/tex/generic/pgfplots/oldpgfcompatib/pgfplotsoldp
gfsupp_loader.code.tex
(/usr/share/texlive/texmf-dist/tex/generic/pgf/libraries/pgflibraryfpu.code.tex
))
(/usr/share/texlive/texmf-dist/tex/generic/pgfplots/util/pgfplotsutil.code.tex
(/usr/share/texlive/texmf-dist/tex/generic/pgfplots/liststructure/pgfplotslists
tructure.code.tex)
(/usr/share/texlive/texmf-dist/tex/generic/pgfplots/liststructure/pgfplotslists
tructureext.code.tex)
(/usr/share/texlive/texmf-dist/tex/generic/pgfplots/liststructure/pgfplotsarray
.code.tex
\c@pgfplotsarray@tmp=\count321
)
(/usr/share/texlive/texmf-dist/tex/generic/pgfplots/liststructure/pgfplotsmatri
x.code.tex)
(/usr/share/texlive/texmf-dist/tex/generic/pgfplots/numtable/pgfplotstableshare
d.code.tex
\c@pgfplotstable@counta=\count322
\t@pgfplotstable@a=\toks42
)
(/usr/share/texlive/texmf-dist/tex/generic/pgfplots/liststructure/pgfplotsdeque
.code.tex)
(/usr/share/texlive/texmf-dist/tex/generic/pgfplots/util/pgfplotsbinary.code.te
x
(/usr/share/texlive/texmf-dist/tex/generic/pgfplots/util/pgfplotsbinary.data.co
de.tex))
(/usr/share/texlive/texmf-dist/tex/generic/pgfplots/util/pgfplotsutil.verb.code
.tex)
(/usr/share/texlive/texmf-dist/tex/generic/pgfplots/libs/pgflibrarypgfplots.sur
fshading.code.tex
\c@pgfplotslibrarysurf@no=\count323

(/usr/share/texlive/texmf-dist/tex/generic/pgfplots/sys/pgflibrarypgfplots.surf
shading.pgfsys-pdftex.def)))
(/usr/share/texlive/texmf-dist/tex/generic/pgfplots/util/pgfplotscolormap.code.
tex
(/usr/share/texlive/texmf-dist/tex/generic/pgfplots/util/pgfplotscolor.code.tex
))
(/usr/share/texlive/texmf-dist/tex/generic/pgfplots/pgfplotsstackedplots.code.t
ex)
(/usr/share/texlive/texmf-dist/tex/generic/pgfplots/pgfplotsplothandlers.code.t
ex
(/usr/share/texlive/texmf-dist/tex/generic/pgfplots/pgfplotsmeshplothandler.cod
e.tex
(/usr/share/texlive/texmf-dist/tex/generic/pgfplots/pgfplotsmeshplotimage.code.
tex)))
(/usr/share/texlive/texmf-dist/tex/generic/pgfplots/pgfplots.scaling.code.tex)
(/usr/share/texlive/texmf-dist/tex/generic/pgfplots/pgfplotscoordprocessing.cod
e.tex)
(/usr/share/texlive/texmf-dist/tex/generic/pgfplots/pgfplots.errorbars.code.tex
) (/usr/share/texlive/texmf-dist/tex/generic/pgfplots/pgfplots.markers.code.tex
) (/usr/share/texlive/texmf-dist/tex/generic/pgfplots/pgfplotsticks.code.tex)
(/usr/share/texlive/texmf-dist/tex/generic/pgfplots/pgfplots.paths.code.tex)
(/usr/share/texlive/texmf-dist/tex/generic/pgf/frontendlayer/tikz/libraries/tik
zlibrarydecorations.code.tex
(/usr/share/texlive/texmf-dist/tex/generic/pgf/modules/pgfmoduledecorations.cod
e.tex
\pgfdecoratedcompleteddistance=\dimen274
\pgfdecoratedremainingdistance=\dimen275
\pgfdecoratedinputsegmentcompleteddistance=\dimen276
\pgfdecoratedinputsegmentremainingdistance=\dimen277
\pgf@decorate@distancetomove=\dimen278
\pgf@decorate@repeatstate=\count324
\pgfdecorationsegmentamplitude=\dimen279
\pgfdecorationsegmentlength=\dimen280
)
\tikz@lib@dec@box=\box66
)
(/usr/share/texlive/texmf-dist/tex/generic/pgf/frontendlayer/tikz/libraries/tik
zlibrarydecorations.pathmorphing.code.tex
(/usr/share/texlive/texmf-dist/tex/generic/pgf/libraries/decorations/pgflibrary
decorations.pathmorphing.code.tex))
(/usr/share/texlive/texmf-dist/tex/generic/pgf/frontendlayer/tikz/libraries/tik
zlibrarydecorations.pathreplacing.code.tex
(/usr/share/texlive/texmf-dist/tex/generic/pgf/libraries/decorations/pgflibrary
decorations.pathreplacing.code.tex))
(/usr/share/texlive/texmf-dist/tex/generic/pgfplots/libs/tikzlibrarypgfplots.co
ntourlua.code.tex)
\pgfplots@numplots=\count325
\pgfplots@xmin@reg=\dimen281
\pgfplots@xmax@reg=\dimen282
\pgfplots@ymin@reg=\dimen283
\pgfplots@ymax@reg=\dimen284
\pgfplots@zmin@reg=\dimen285
\pgfplots@zmax@reg=\dimen286
)
(/usr/share/texlive/texmf-dist/tex/generic/pgf/frontendlayer/tikz/libraries/tik
zlibraryplotmarks.code.tex
File: tikzlibraryplotmarks.code.tex 2021/05/15 v3.1.9a (3.1.9a)

(/usr/share/texlive/texmf-dist/tex/generic/pgf/libraries/pgflibraryplotmarks.co
de.tex
File: pgflibraryplotmarks.code.tex 2021/05/15 v3.1.9a (3.1.9a)
))) (/usr/share/texlive/texmf-dist/tex/latex/geometry/geometry.sty
Package: geometry 2020/01/02 v5.9 Page Geometry

(/usr/share/texlive/texmf-dist/tex/generic/iftex/ifvtex.sty
Package: ifvtex 2019/10/25 v1.7 ifvtex legacy package. Use iftex instead.
)
\Gm@cnth=\count326
\Gm@cntv=\count327
\c@Gm@tempcnt=\count328
\Gm@bindingoffset=\dimen287
\Gm@wd@mp=\dimen288
\Gm@odd@mp=\dimen289
\Gm@even@mp=\dimen290
\Gm@layoutwidth=\dimen291
\Gm@layoutheight=\dimen292
\Gm@layouthoffset=\dimen293
\Gm@layoutvoffset=\dimen294
\Gm@dimlist=\toks43
)
(/usr/share/texlive/texmf-dist/tex/generic/pgf/frontendlayer/tikz/libraries/tik
zlibraryshapes.geometric.code.tex
File: tikzlibraryshapes.geometric.code.tex 2021/05/15 v3.1.9a (3.1.9a)

(/usr/share/texlive/texmf-dist/tex/generic/pgf/libraries/shapes/pgflibraryshape
s.geometric.code.tex
File: pgflibraryshapes.geometric.code.tex 2021/05/15 v3.1.9a (3.1.9a)
))
(/usr/share/texlive/texmf-dist/tex/generic/pgf/frontendlayer/tikz/libraries/tik
zlibraryarrows.code.tex
File: tikzlibraryarrows.code.tex 2021/05/15 v3.1.9a (3.1.9a)

(/usr/share/texlive/texmf-dist/tex/generic/pgf/libraries/pgflibraryarrows.code.
tex
File: pgflibraryarrows.code.tex 2021/05/15 v3.1.9a (3.1.9a)
\arrowsize=\dimen295
)) (/usr/share/texlive/texmf-dist/tex/latex/subfigure/subfigure.sty
Package: subfigure 2002/03/15 v2.1.5 subfigure package
\subfigtopskip=\skip58
\subfigcapskip=\skip59
\subfigcaptopadj=\dimen296
\subfigbottomskip=\skip60
\subfigcapmargin=\dimen297
\subfiglabelskip=\skip61


! LaTeX Error: Command \c@subfigure already defined.
               Or name \end... illegal, see p.192 of the manual.

See the LaTeX manual or LaTeX Companion for explanation.
Type  H <return>  for immediate help.
 ...                                              
                                                  
l.113 \newcounter{subfigure}
                            [figure]
? 

! LaTeX Error: Command \l@subfigure already defined.
               Or name \end... illegal, see p.192 of the manual.

See the LaTeX manual or LaTeX Companion for explanation.
Type  H <return>  for immediate help.
 ...                                              
                                                  
l.123 ...xxxline{\ext@subfigure}{2}{3.8em}{2.5em}}
                                                  
? 

! LaTeX Error: Command \c@lofdepth already defined.
               Or name \end... illegal, see p.192 of the manual.

See the LaTeX manual or LaTeX Companion for explanation.
Type  H <return>  for immediate help.
 ...                                              
                                                  
l.124 \newcounter{lofdepth}
                           
? 

! LaTeX Error: Command \c@subtable already defined.
               Or name \end... illegal, see p.192 of the manual.

See the LaTeX manual or LaTeX Companion for explanation.
Type  H <return>  for immediate help.
 ...                                              
                                                  
l.126 \newcounter{subtable}
                           [table]
? 

! LaTeX Error: Command \l@subtable already defined.
               Or name \end... illegal, see p.192 of the manual.

See the LaTeX manual or LaTeX Companion for explanation.
Type  H <return>  for immediate help.
 ...                                              
                                                  
l.136 ...dxxxline{\ext@subtable}{2}{3.8em}{2.5em}}
                                                  
? 

! LaTeX Error: Command \c@lotdepth already defined.
               Or name \end... illegal, see p.192 of the manual.

See the LaTeX manual or LaTeX Companion for explanation.
Type  H <return>  for immediate help.
 ...                                              
                                                  
l.137 \newcounter{lotdepth}
                           
? 
****************************************
* Local config file subfigure.cfg used *
****************************************
(/usr/share/texlive/texmf-dist/tex/latex/subfigure/subfigure.cfg)
\subfig@top=\skip62
\subfig@bottom=\skip63


! LaTeX Error: Command \listsubcaptions already defined.
               Or name \end... illegal, see p.192 of the manual.

See the LaTeX manual or LaTeX Companion for explanation.
Type  H <return>  for immediate help.
 ...                                              
                                                  
l.294     {\@listsubcaptions{\@captype}}}
                                         
? 

! LaTeX Error: Command \@listsubcaptions already defined.
               Or name \end... illegal, see p.192 of the manual.

See the LaTeX manual or LaTeX Companion for explanation.
Type  H <return>  for immediate help.
 ...                                              
                                                  
l.305   \gdef\@subfigcaptionlist{}}
                                   
? 

! LaTeX Error: Command \@dottedxxxline already defined.
               Or name \end... illegal, see p.192 of the manual.

See the LaTeX manual or LaTeX Companion for explanation.
Type  H <return>  for immediate help.
 ...                                              
                                                  
l.358   \fi}
            
? 

! LaTeX Error: Command \subfloat@label already defined.
               Or name \end... illegal, see p.192 of the manual.

See the LaTeX manual or LaTeX Companion for explanation.
Type  H <return>  for immediate help.
 ...                                              
                                                  
l.386 ...           \@nameuse{thesub\@captype}.)}}
                                                  
? 

! LaTeX Error: Command \sf@@sub@label already defined.
               Or name \end... illegal, see p.192 of the manual.

See the LaTeX manual or LaTeX Companion for explanation.
Type  H <return>  for immediate help.
 ...                                              
                                                  
l.411   \@esphack}
                  
? 

! LaTeX Error: Command \subref already defined.
               Or name \end... illegal, see p.192 of the manual.

See the LaTeX manual or LaTeX Companion for explanation.
Type  H <return>  for immediate help.
 ...                                              
                                                  
l.413   \ref{sub@#1}}
                     
? 
) (/usr/share/texlive/texmf-dist/tex/latex/ragged2e/ragged2e.sty
Package: ragged2e 2021/12/15 v3.1 ragged2e Package
\CenteringLeftskip=\skip64
\RaggedLeftLeftskip=\skip65
\RaggedRightLeftskip=\skip66
\CenteringRightskip=\skip67
\RaggedLeftRightskip=\skip68
\RaggedRightRightskip=\skip69
\CenteringParfillskip=\skip70
\RaggedLeftParfillskip=\skip71
\RaggedRightParfillskip=\skip72
\JustifyingParfillskip=\skip73
\CenteringParindent=\skip74
\RaggedLeftParindent=\skip75
\RaggedRightParindent=\skip76
\JustifyingParindent=\skip77
)
(/usr/share/texlive/texmf-dist/tex/latex/natbib/natbib.sty
Package: natbib 2010/09/13 8.31b (PWD, AO)
\bibhang=\skip78
\bibsep=\skip79
LaTeX Info: Redefining \cite on input line 694.
\c@NAT@ctr=\count329
)
(/usr/share/texlive/texmf-dist/tex/latex/boisik/boisik.sty
Package: boisik 2009/08/21 bsk-v0.5

(/usr/share/texlive/texmf-dist/tex/latex/boisik/lbmenc.def
File: lbmenc.def 2009/08/21 v0.5 Boisik encoding for second math symbol font
Now handling font encoding LBM ...
... no UTF-8 mapping file for font encoding LBM
)
(/usr/share/texlive/texmf-dist/tex/latex/boisik/lbsenc.def
File: lbsenc.def 2009/08/21 v0.5 Boisik encoding for math symbol font
Now handling font encoding LBS ...
... no UTF-8 mapping file for font encoding LBS
)
(/usr/share/texlive/texmf-dist/tex/latex/boisik/lblenc.def
File: lblenc.def 2009/08/21 v0.5 Boisik encoding similar to OML
Now handling font encoding LBL ...
... no UTF-8 mapping file for font encoding LBL
)
LaTeX Font Info:    Redeclaring symbol font `operators' on input line 30.
LaTeX Font Info:    Overwriting symbol font `operators' in version `normal'
(Font)                  OT1/cmr/m/n --> OT1/bskf/m/n on input line 30.
LaTeX Font Info:    Overwriting symbol font `operators' in version `bold'
(Font)                  OT1/cmr/bx/n --> OT1/bskf/m/n on input line 30.
LaTeX Font Info:    Redeclaring symbol font `letters' on input line 31.
LaTeX Font Info:    Encoding `OML' has changed to `LBL' for symbol font
(Font)              `letters' in the math version `normal' on input line 31.
LaTeX Font Info:    Overwriting symbol font `letters' in version `normal'
(Font)                  OML/cmm/m/it --> LBL/bskm/m/it on input line 31.
LaTeX Font Info:    Encoding `OML' has changed to `LBL' for symbol font
(Font)              `letters' in the math version `bold' on input line 31.
LaTeX Font Info:    Overwriting symbol font `letters' in version `bold'
(Font)                  OML/cmm/b/it --> LBL/bskm/m/it on input line 31.
LaTeX Font Info:    Redeclaring symbol font `symbols' on input line 32.
LaTeX Font Info:    Encoding `OMS' has changed to `LBS' for symbol font
(Font)              `symbols' in the math version `normal' on input line 32.
LaTeX Font Info:    Overwriting symbol font `symbols' in version `normal'
(Font)                  OMS/cmsy/m/n --> LBS/bsksy/m/n on input line 32.
LaTeX Font Info:    Encoding `OMS' has changed to `LBS' for symbol font
(Font)              `symbols' in the math version `bold' on input line 32.
LaTeX Font Info:    Overwriting symbol font `symbols' in version `bold'
(Font)                  OMS/cmsy/b/n --> LBS/bsksy/m/n on input line 32.
LaTeX Font Info:    Redeclaring symbol font `largesymbols' on input line 33.
LaTeX Font Info:    Encoding `OMX' has changed to `U' for symbol font
(Font)              `largesymbols' in the math version `normal' on input line 3
3.
LaTeX Font Info:    Overwriting symbol font `largesymbols' in version `normal'
(Font)                  OMX/cmex/m/n --> U/bskex/m/n on input line 33.
LaTeX Font Info:    Encoding `OMX' has changed to `U' for symbol font
(Font)              `largesymbols' in the math version `bold' on input line 33.

LaTeX Font Info:    Overwriting symbol font `largesymbols' in version `bold'
(Font)                  OMX/cmex/m/n --> U/bskex/m/n on input line 33.
\symbsksymbols=\mathgroup6
\symbskadd=\mathgroup7
LaTeX Font Info:    Redeclaring math alphabet \mathsf on input line 43.
LaTeX Font Info:    Redeclaring math alphabet \mathbf on input line 44.
LaTeX Font Info:    Overwriting math alphabet `\mathbf' in version `normal'
(Font)                  OT1/cmr/bx/n --> OT1/bsk/b/n on input line 44.
LaTeX Font Info:    Overwriting math alphabet `\mathbf' in version `bold'
(Font)                  OT1/cmr/bx/n --> OT1/bsk/b/n on input line 44.
LaTeX Font Info:    Redeclaring math alphabet \mathit on input line 45.
LaTeX Font Info:    Overwriting math alphabet `\mathit' in version `normal'
(Font)                  OT1/cmr/m/it --> OT1/bsk/m/it on input line 45.
LaTeX Font Info:    Overwriting math alphabet `\mathit' in version `bold'
(Font)                  OT1/cmr/bx/it --> OT1/bsk/m/it on input line 45.
LaTeX Font Info:    Redeclaring math symbol \dabar@ on input line 57.
LaTeX Font Info:    Redeclaring math symbol \cdot on input line 66.
LaTeX Font Info:    Redeclaring math symbol \times on input line 67.
LaTeX Font Info:    Redeclaring math symbol \ast on input line 68.
LaTeX Font Info:    Redeclaring math symbol \div on input line 70.
LaTeX Font Info:    Redeclaring math symbol \diamond on input line 71.
LaTeX Font Info:    Redeclaring math symbol \pm on input line 72.
LaTeX Font Info:    Redeclaring math symbol \oplus on input line 74.
LaTeX Font Info:    Redeclaring math symbol \ominus on input line 75.
LaTeX Font Info:    Redeclaring math symbol \otimes on input line 76.
LaTeX Font Info:    Redeclaring math symbol \cup on input line 77.
LaTeX Font Info:    Redeclaring math symbol \cap on input line 78.
LaTeX Font Info:    Redeclaring math symbol \uplus on input line 79.
LaTeX Font Info:    Redeclaring math symbol \wedge on input line 80.
LaTeX Font Info:    Redeclaring math symbol \vee on input line 81.
LaTeX Font Info:    Redeclaring math symbol \leftharpoonup on input line 82.
LaTeX Font Info:    Redeclaring math symbol \leftharpoondown on input line 83.
LaTeX Font Info:    Redeclaring math symbol \rightharpoonup on input line 84.
LaTeX Font Info:    Redeclaring math symbol \rightharpoondown on input line 85.

LaTeX Font Info:    Redeclaring math symbol \upharpoonright on input line 86.
LaTeX Font Info:    Redeclaring math symbol \downharpoonright on input line 87.

LaTeX Font Info:    Redeclaring math symbol \upharpoonleft on input line 88.
LaTeX Font Info:    Redeclaring math symbol \downharpoonleft on input line 89.
LaTeX Font Info:    Redeclaring math symbol \leftrightarrows on input line 90.
LaTeX Font Info:    Redeclaring math symbol \rightleftarrows on input line 91.
LaTeX Font Info:    Redeclaring math symbol \leftrightharpoons on input line 93
.
LaTeX Font Info:    Redeclaring math symbol \leftleftarrows on input line 94.
LaTeX Font Info:    Redeclaring math symbol \rightrightarrows on input line 95.

LaTeX Font Info:    Redeclaring math symbol \upuparrows on input line 96.
LaTeX Font Info:    Redeclaring math symbol \downdownarrows on input line 97.
LaTeX Font Info:    Redeclaring math symbol \twoheadrightarrow on input line 98
.
LaTeX Font Info:    Redeclaring math symbol \twoheadleftarrow on input line 99.

LaTeX Font Info:    Redeclaring math symbol \rightarrowtail on input line 100.
LaTeX Font Info:    Redeclaring math symbol \leftarrowtail on input line 101.
LaTeX Font Info:    Redeclaring math symbol \rightsquigarrow on input line 102.

LaTeX Font Info:    Redeclaring math symbol \leftrightsquigarrow on input line 
103.
LaTeX Font Info:    Redeclaring math symbol \Lsh on input line 104.
LaTeX Font Info:    Redeclaring math symbol \Rsh on input line 105.
LaTeX Font Info:    Redeclaring math symbol \looparrowleft on input line 106.
LaTeX Font Info:    Redeclaring math symbol \looparrowright on input line 107.
LaTeX Font Info:    Redeclaring math symbol \circlearrowright on input line 108
.
LaTeX Font Info:    Redeclaring math symbol \circlearrowleft on input line 109.

LaTeX Font Info:    Redeclaring math symbol \curvearrowleft on input line 110.
LaTeX Font Info:    Redeclaring math symbol \curvearrowright on input line 111.

LaTeX Font Info:    Redeclaring math symbol \nleftarrow on input line 112.
LaTeX Font Info:    Redeclaring math symbol \nrightarrow on input line 113.
LaTeX Font Info:    Redeclaring math symbol \nleftrightarrow on input line 114.

LaTeX Font Info:    Redeclaring math symbol \nLeftarrow on input line 115.
LaTeX Font Info:    Redeclaring math symbol \nRightarrow on input line 116.
LaTeX Font Info:    Redeclaring math symbol \nLeftrightarrow on input line 117.

LaTeX Font Info:    Redeclaring math symbol \Lleftarrow on input line 118.
LaTeX Font Info:    Redeclaring math symbol \Rrightarrow on input line 119.
LaTeX Font Info:    Redeclaring math symbol \lhook on input line 121.
LaTeX Font Info:    Redeclaring math symbol \rhook on input line 122.
LaTeX Font Info:    Redeclaring math symbol \multimap on input line 123.
LaTeX Font Info:    Redeclaring math symbol \therefore on input line 125.
LaTeX Font Info:    Redeclaring math symbol \because on input line 126.
LaTeX Font Info:    Redeclaring math symbol \between on input line 127.
LaTeX Font Info:    Redeclaring math symbol \Vdash on input line 128.
LaTeX Font Info:    Redeclaring math symbol \Vvdash on input line 129.
LaTeX Font Info:    Redeclaring math symbol \vDash on input line 131.
LaTeX Font Info:    Redeclaring math symbol \smallsmile on input line 132.
LaTeX Font Info:    Redeclaring math symbol \smallfrown on input line 133.
LaTeX Font Info:    Redeclaring math symbol \shortmid on input line 134.
LaTeX Font Info:    Redeclaring math symbol \shortparallel on input line 135.
LaTeX Font Info:    Redeclaring math symbol \backprime on input line 136.
LaTeX Font Info:    Redeclaring math symbol \varnothing on input line 137.
LaTeX Font Info:    Redeclaring math symbol \thickapprox on input line 138.
LaTeX Font Info:    Redeclaring math symbol \divideontimes on input line 139.
LaTeX Font Info:    Redeclaring math symbol \lessdot on input line 140.
LaTeX Font Info:    Redeclaring math symbol \gtrdot on input line 141.
LaTeX Font Info:    Redeclaring math symbol \bumpeq on input line 142.
LaTeX Font Info:    Redeclaring math symbol \Bumpeq on input line 143.
LaTeX Font Info:    Redeclaring math symbol \leqslant on input line 144.
LaTeX Font Info:    Redeclaring math symbol \geqslant on input line 145.
LaTeX Font Info:    Redeclaring math symbol \eqslantless on input line 146.
LaTeX Font Info:    Redeclaring math symbol \eqslantgtr on input line 147.
LaTeX Font Info:    Redeclaring math symbol \curlyeqprec on input line 148.
LaTeX Font Info:    Redeclaring math symbol \curlyeqsucc on input line 149.
LaTeX Font Info:    Redeclaring math symbol \preccurlyeq on input line 150.
LaTeX Font Info:    Redeclaring math symbol \succcurlyeq on input line 151.
LaTeX Font Info:    Redeclaring math symbol \thicksim on input line 152.
LaTeX Font Info:    Redeclaring math symbol \backsim on input line 153.
LaTeX Font Info:    Redeclaring math symbol \eqsim on input line 154.
LaTeX Font Info:    Redeclaring math symbol \backsimeq on input line 155.
LaTeX Font Info:    Redeclaring math symbol \ltimes on input line 156.
LaTeX Font Info:    Redeclaring math symbol \rtimes on input line 157.
LaTeX Font Info:    Redeclaring math symbol \lll on input line 158.
LaTeX Font Info:    Redeclaring math symbol \ggg on input line 159.
LaTeX Font Info:    Redeclaring math symbol \triangleq on input line 160.
LaTeX Font Info:    Redeclaring math symbol \circeq on input line 161.
LaTeX Font Info:    Redeclaring math symbol \eqcirc on input line 162.
LaTeX Font Info:    Redeclaring math symbol \doteqdot on input line 163.
LaTeX Font Info:    Redeclaring math symbol \risingdotseq on input line 164.
LaTeX Font Info:    Redeclaring math symbol \fallingdotseq on input line 165.
LaTeX Font Info:    Redeclaring math symbol \varpropto on input line 166.
LaTeX Font Info:    Redeclaring math symbol \lozenge on input line 169.
LaTeX Font Info:    Redeclaring math symbol \blacklozenge on input line 170.
LaTeX Font Info:    Redeclaring math symbol \vartriangleright on input line 171
.
LaTeX Font Info:    Redeclaring math symbol \vartriangleleft on input line 172.

LaTeX Font Info:    Redeclaring math symbol \trianglerighteq on input line 173.

LaTeX Font Info:    Redeclaring math symbol \trianglelefteq on input line 174.
LaTeX Font Info:    Redeclaring math symbol \blacktriangledown on input line 17
5.
LaTeX Font Info:    Redeclaring math symbol \blacktriangleright on input line 1
76.
LaTeX Font Info:    Redeclaring math symbol \blacktriangleleft on input line 17
7.
LaTeX Font Info:    Redeclaring math symbol \blacktriangle on input line 178.
LaTeX Font Info:    Redeclaring math symbol \vartriangle on input line 179.
LaTeX Font Info:    Redeclaring math symbol \triangledown on input line 180.
LaTeX Font Info:    Redeclaring math symbol \centerdot on input line 181.
LaTeX Font Info:    Redeclaring math symbol \blacksquare on input line 182.
LaTeX Font Info:    Redeclaring math symbol \boxplus on input line 183.
LaTeX Font Info:    Redeclaring math symbol \boxminus on input line 184.
LaTeX Font Info:    Redeclaring math symbol \boxtimes on input line 185.
LaTeX Font Info:    Redeclaring math symbol \square on input line 186.
LaTeX Font Info:    Redeclaring math symbol \boxdot on input line 187.
LaTeX Font Info:    Redeclaring math symbol \circledcirc on input line 188.
LaTeX Font Info:    Redeclaring math symbol \circledast on input line 189.
LaTeX Font Info:    Redeclaring math symbol \circleddash on input line 190.
LaTeX Font Info:    Redeclaring math symbol \beth on input line 191.
LaTeX Font Info:    Redeclaring math symbol \gimel on input line 192.
LaTeX Font Info:    Redeclaring math symbol \daleth on input line 193.
LaTeX Font Info:    Redeclaring math symbol \Finv on input line 194.
LaTeX Font Info:    Redeclaring math symbol \Game on input line 195.
LaTeX Font Info:    Redeclaring math symbol \complement on input line 196.
LaTeX Font Info:    Redeclaring math symbol \intercal on input line 197.
LaTeX Font Info:    Redeclaring math symbol \mp on input line 198.
LaTeX Font Info:    Redeclaring math symbol \lvertneqq on input line 207.
LaTeX Font Info:    Redeclaring math symbol \gvertneqq on input line 208.
LaTeX Font Info:    Redeclaring math symbol \nleq on input line 209.
LaTeX Font Info:    Redeclaring math symbol \ngeq on input line 210.
LaTeX Font Info:    Redeclaring math symbol \nless on input line 211.
LaTeX Font Info:    Redeclaring math symbol \ngtr on input line 212.
LaTeX Font Info:    Redeclaring math symbol \nprec on input line 213.
LaTeX Font Info:    Redeclaring math symbol \nsucc on input line 214.
LaTeX Font Info:    Redeclaring math symbol \lneqq on input line 215.
LaTeX Font Info:    Redeclaring math symbol \gneqq on input line 216.
LaTeX Font Info:    Redeclaring math symbol \nleqslant on input line 217.
LaTeX Font Info:    Redeclaring math symbol \ngeqslant on input line 218.
LaTeX Font Info:    Redeclaring math symbol \lneq on input line 219.
LaTeX Font Info:    Redeclaring math symbol \gneq on input line 220.
LaTeX Font Info:    Redeclaring math symbol \npreceq on input line 221.
LaTeX Font Info:    Redeclaring math symbol \nsucceq on input line 222.
LaTeX Font Info:    Redeclaring math symbol \nleqq on input line 223.
LaTeX Font Info:    Redeclaring math symbol \ngeqq on input line 224.
LaTeX Font Info:    Redeclaring math symbol \lnsim on input line 225.
LaTeX Font Info:    Redeclaring math symbol \gnsim on input line 226.
LaTeX Font Info:    Redeclaring math symbol \precnsim on input line 227.
LaTeX Font Info:    Redeclaring math symbol \succnsim on input line 228.
LaTeX Font Info:    Redeclaring math symbol \precneqq on input line 229.
LaTeX Font Info:    Redeclaring math symbol \succneqq on input line 230.
LaTeX Font Info:    Redeclaring math symbol \nsim on input line 231.
LaTeX Font Info:    Redeclaring math symbol \ncong on input line 232.
LaTeX Font Info:    Redeclaring math symbol \lnapprox on input line 233.
LaTeX Font Info:    Redeclaring math symbol \gnapprox on input line 234.
LaTeX Font Info:    Redeclaring math symbol \precnapprox on input line 235.
LaTeX Font Info:    Redeclaring math symbol \succnapprox on input line 236.
LaTeX Font Info:    Redeclaring math symbol \varsubsetneq on input line 239.
LaTeX Font Info:    Redeclaring math symbol \varsupsetneq on input line 240.
LaTeX Font Info:    Redeclaring math symbol \nsubseteqq on input line 241.
LaTeX Font Info:    Redeclaring math symbol \nsupseteqq on input line 242.
LaTeX Font Info:    Redeclaring math symbol \subsetneqq on input line 243.
LaTeX Font Info:    Redeclaring math symbol \supsetneqq on input line 244.
LaTeX Font Info:    Redeclaring math symbol \varsubsetneqq on input line 245.
LaTeX Font Info:    Redeclaring math symbol \varsupsetneqq on input line 246.
LaTeX Font Info:    Redeclaring math symbol \subsetneq on input line 247.
LaTeX Font Info:    Redeclaring math symbol \supsetneq on input line 248.
LaTeX Font Info:    Redeclaring math symbol \nsubseteq on input line 249.
LaTeX Font Info:    Redeclaring math symbol \nsupseteq on input line 250.
LaTeX Font Info:    Redeclaring math symbol \nparallel on input line 251.
LaTeX Font Info:    Redeclaring math symbol \nmid on input line 252.
LaTeX Font Info:    Redeclaring math symbol \nshortmid on input line 253.
LaTeX Font Info:    Redeclaring math symbol \nshortparallel on input line 254.
LaTeX Font Info:    Redeclaring math symbol \nvdash on input line 255.
LaTeX Font Info:    Redeclaring math symbol \nVdash on input line 256.
LaTeX Font Info:    Redeclaring math symbol \nvDash on input line 257.
LaTeX Font Info:    Redeclaring math symbol \nVDash on input line 258.
LaTeX Font Info:    Redeclaring math symbol \ntrianglerighteq on input line 259
.
LaTeX Font Info:    Redeclaring math symbol \ntrianglelefteq on input line 260.

LaTeX Font Info:    Redeclaring math symbol \ntriangleleft on input line 261.
LaTeX Font Info:    Redeclaring math symbol \ntriangleright on input line 262.
LaTeX Font Info:    Redeclaring math symbol \precapprox on input line 263.
LaTeX Font Info:    Redeclaring math symbol \succapprox on input line 264.
LaTeX Font Info:    Redeclaring math symbol \precsim on input line 265.
LaTeX Font Info:    Redeclaring math symbol \succsim on input line 266.
LaTeX Font Info:    Redeclaring math symbol \lesssim on input line 267.
LaTeX Font Info:    Redeclaring math symbol \gtrsim on input line 268.
LaTeX Font Info:    Redeclaring math symbol \lessapprox on input line 269.
LaTeX Font Info:    Redeclaring math symbol \gtrapprox on input line 270.
LaTeX Font Info:    Redeclaring math symbol \leqq on input line 271.
LaTeX Font Info:    Redeclaring math symbol \geqq on input line 272.
LaTeX Font Info:    Redeclaring math symbol \lessgtr on input line 273.
LaTeX Font Info:    Redeclaring math symbol \gtrless on input line 274.
LaTeX Font Info:    Redeclaring math symbol \lesseqgtr on input line 275.
LaTeX Font Info:    Redeclaring math symbol \gtreqless on input line 276.
LaTeX Font Info:    Redeclaring math symbol \lesseqqgtr on input line 277.
LaTeX Font Info:    Redeclaring math symbol \gtreqqless on input line 278.
LaTeX Font Info:    Redeclaring math symbol \Subset on input line 279.
LaTeX Font Info:    Redeclaring math symbol \Supset on input line 280.
LaTeX Font Info:    Redeclaring math symbol \Cup on input line 281.
LaTeX Font Info:    Redeclaring math symbol \Cap on input line 282.
LaTeX Font Info:    Redeclaring math symbol \subseteqq on input line 283.
LaTeX Font Info:    Redeclaring math symbol \supseteqq on input line 284.
LaTeX Font Info:    Redeclaring math symbol \curlywedge on input line 285.
LaTeX Font Info:    Redeclaring math symbol \curlyvee on input line 286.
LaTeX Font Info:    Redeclaring math symbol \veebar on input line 287.
LaTeX Font Info:    Redeclaring math symbol \barwedge on input line 288.
LaTeX Font Info:    Redeclaring math symbol \doublebarwedge on input line 289.
LaTeX Font Info:    Redeclaring math symbol \leftthreetimes on input line 290.
LaTeX Font Info:    Redeclaring math symbol \rightthreetimes on input line 291.

LaTeX Font Info:    Redeclaring math symbol \measuredangle on input line 293.
LaTeX Font Info:    Redeclaring math symbol \sphericalangle on input line 294.
LaTeX Font Info:    Redeclaring math delimiter \ulcorner on input line 295.
LaTeX Font Info:    Redeclaring math delimiter \urcorner on input line 296.
LaTeX Font Info:    Redeclaring math symbol \smallsetminus on input line 297.
LaTeX Font Info:    Redeclaring math symbol \diagup on input line 298.
LaTeX Font Info:    Redeclaring math symbol \diagdown on input line 299.
LaTeX Font Info:    Redeclaring math symbol \approxeq on input line 300.
LaTeX Font Info:    Redeclaring math symbol \dotplus on input line 301.
LaTeX Font Info:    Redeclaring math symbol \pitchfork on input line 302.
LaTeX Font Info:    Redeclaring math delimiter \llcorner on input line 303.
LaTeX Font Info:    Redeclaring math delimiter \lrcorner on input line 304.
LaTeX Font Info:    Redeclaring math symbol \nexists on input line 305.
LaTeX Font Info:    Redeclaring math symbol \bigstar on input line 306.
LaTeX Font Info:    Redeclaring math symbol \mathsection on input line 319.
LaTeX Font Info:    Redeclaring math symbol \dagger on input line 320.
LaTeX Font Info:    Redeclaring math symbol \ddagger on input line 321.
LaTeX Font Info:    Redeclaring math symbol \mathparagraph on input line 322.
LaTeX Font Info:    Redeclaring math symbol \clubsuit on input line 323.
LaTeX Font Info:    Redeclaring math symbol \diamondsuit on input line 324.
LaTeX Font Info:    Redeclaring math symbol \heartsuit on input line 325.
LaTeX Font Info:    Redeclaring math symbol \spadesuit on input line 326.
LaTeX Font Info:    Redeclaring math symbol \star on input line 327.
LaTeX Font Info:    Redeclaring math symbol \flat on input line 328.
LaTeX Font Info:    Redeclaring math symbol \natural on input line 329.
LaTeX Font Info:    Redeclaring math symbol \sharp on input line 330.
LaTeX Font Info:    Redeclaring math symbol \smile on input line 331.
LaTeX Font Info:    Redeclaring math symbol \frown on input line 332.
LaTeX Font Info:    Redeclaring math symbol \triangleright on input line 333.
LaTeX Font Info:    Redeclaring math symbol \triangleleft on input line 334.
LaTeX Font Info:    Redeclaring math symbol \oslash on input line 365.
LaTeX Font Info:    Redeclaring math symbol \DashV on input line 433.
LaTeX Font Info:    Redeclaring math symbol \alpha on input line 471.
LaTeX Font Info:    Redeclaring math symbol \beta on input line 472.
LaTeX Font Info:    Redeclaring math symbol \gamma on input line 473.
LaTeX Font Info:    Redeclaring math symbol \delta on input line 474.
LaTeX Font Info:    Redeclaring math symbol \epsilon on input line 475.
LaTeX Font Info:    Redeclaring math symbol \zeta on input line 476.
LaTeX Font Info:    Redeclaring math symbol \eta on input line 477.
LaTeX Font Info:    Redeclaring math symbol \theta on input line 478.
LaTeX Font Info:    Redeclaring math symbol \iota on input line 479.
LaTeX Font Info:    Redeclaring math symbol \kappa on input line 480.
LaTeX Font Info:    Redeclaring math symbol \lambda on input line 481.
LaTeX Font Info:    Redeclaring math symbol \mu on input line 482.
LaTeX Font Info:    Redeclaring math symbol \nu on input line 483.
LaTeX Font Info:    Redeclaring math symbol \xi on input line 484.
LaTeX Font Info:    Redeclaring math symbol \pi on input line 485.
LaTeX Font Info:    Redeclaring math symbol \rho on input line 486.
LaTeX Font Info:    Redeclaring math symbol \sigma on input line 487.
LaTeX Font Info:    Redeclaring math symbol \tau on input line 488.
LaTeX Font Info:    Redeclaring math symbol \upsilon on input line 489.
LaTeX Font Info:    Redeclaring math symbol \phi on input line 490.
LaTeX Font Info:    Redeclaring math symbol \chi on input line 491.
LaTeX Font Info:    Redeclaring math symbol \psi on input line 492.
LaTeX Font Info:    Redeclaring math symbol \omega on input line 493.
LaTeX Font Info:    Redeclaring math symbol \varepsilon on input line 494.
LaTeX Font Info:    Redeclaring math symbol \vartheta on input line 495.
LaTeX Font Info:    Redeclaring math symbol \varpi on input line 496.
LaTeX Font Info:    Redeclaring math symbol \varrho on input line 497.
LaTeX Font Info:    Redeclaring math symbol \varsigma on input line 498.
LaTeX Font Info:    Redeclaring math symbol \varphi on input line 499.
LaTeX Font Info:    Redeclaring math symbol \varkappa on input line 506.
LaTeX Font Info:    Redeclaring math symbol \digamma on input line 508.
LaTeX Font Info:    Redeclaring math symbol \imath on input line 514.
LaTeX Font Info:    Redeclaring math symbol \jmath on input line 515.
LaTeX Font Info:    Redeclaring math symbol \backepsilon on input line 517.
LaTeX Font Info:    Redeclaring math symbol \wp on input line 519.
LaTeX Font Info:    Redeclaring math accent \vec on input line 520.
LaTeX Font Info:    Redeclaring math symbol \hslash on input line 522.
LaTeX Font Info:    Redeclaring math symbol \hbar on input line 523.
LaTeX Font Info:    Redeclaring math symbol \Bbbk on input line 528.
)
(/usr/share/texlive/texmf-dist/tex/latex/base/fontenc.sty
Package: fontenc 2021/04/29 v2.0v Standard LaTeX package
LaTeX Font Info:    Trying to load font information for OT1+bsk on input line 1
12.

(/usr/share/texlive/texmf-dist/tex/latex/boisik/ot1bsk.fd
File: ot1bsk.fd 2009/08/21 v0.5 Boisik font
))
runsystem(texcount -tex -sum main.tex > main.wordcount.tex)...disabled (restric
ted).


(/usr/share/texlive/texmf-dist/tex/latex/l3backend/l3backend-pdftex.def
File: l3backend-pdftex.def 2022-01-12 L3 backend support: PDF output (pdfTeX)
\l__color_backend_stack_int=\count330
\l__pdf_internal_box=\box67
)
(./main.aux

LaTeX Warning: Label `table:2' multiply defined.


LaTeX Warning: Label `table:2' multiply defined.

)
\openout1 = `main.aux'.

LaTeX Font Info:    Checking defaults for OML/cmm/m/it on input line 49.
LaTeX Font Info:    ... okay on input line 49.
LaTeX Font Info:    Checking defaults for OMS/cmsy/m/n on input line 49.
LaTeX Font Info:    ... okay on input line 49.
LaTeX Font Info:    Checking defaults for OT1/cmr/m/n on input line 49.
LaTeX Font Info:    ... okay on input line 49.
LaTeX Font Info:    Checking defaults for T1/cmr/m/n on input line 49.
LaTeX Font Info:    ... okay on input line 49.
LaTeX Font Info:    Checking defaults for TS1/cmr/m/n on input line 49.
LaTeX Font Info:    ... okay on input line 49.
LaTeX Font Info:    Checking defaults for OMX/cmex/m/n on input line 49.
LaTeX Font Info:    ... okay on input line 49.
LaTeX Font Info:    Checking defaults for U/cmr/m/n on input line 49.
LaTeX Font Info:    ... okay on input line 49.
LaTeX Font Info:    Checking defaults for PD1/pdf/m/n on input line 49.
LaTeX Font Info:    ... okay on input line 49.
LaTeX Font Info:    Checking defaults for PU/pdf/m/n on input line 49.
LaTeX Font Info:    ... okay on input line 49.
LaTeX Font Info:    Checking defaults for LBM/cmr/m/n on input line 49.
LaTeX Font Info:    Trying to load font information for LBM+cmr on input line 4
9.
 (/usr/share/texlive/texmf-dist/tex/latex/boisik/lbmcmr.fd
File: lbmcmr.fd 
)
LaTeX Font Info:    ... okay on input line 49.
LaTeX Font Info:    Checking defaults for LBS/cmr/m/n on input line 49.
LaTeX Font Info:    Trying to load font information for LBS+cmr on input line 4
9.

(/usr/share/texlive/texmf-dist/tex/latex/boisik/lbscmr.fd
File: lbscmr.fd 
)
LaTeX Font Info:    ... okay on input line 49.
LaTeX Font Info:    Checking defaults for LBL/bskm/m/it on input line 49.
LaTeX Font Info:    Trying to load font information for LBL+bskm on input line 
49.

(/usr/share/texlive/texmf-dist/tex/latex/boisik/lblbskm.fd
File: lblbskm.fd 2009/08/21 v0.5 Boisik font
)
LaTeX Font Info:    ... okay on input line 49.

(/usr/share/texlive/texmf-dist/tex/context/base/mkii/supp-pdf.mkii
[Loading MPS to PDF converter (version 2006.09.02).]
\scratchcounter=\count331
\scratchdimen=\dimen298
\scratchbox=\box68
\nofMPsegments=\count332
\nofMParguments=\count333
\everyMPshowfont=\toks44
\MPscratchCnt=\count334
\MPscratchDim=\dimen299
\MPnumerator=\count335
\makeMPintoPDFobject=\count336
\everyMPtoPDFconversion=\toks45
) (/usr/share/texlive/texmf-dist/tex/latex/epstopdf-pkg/epstopdf-base.sty
Package: epstopdf-base 2020-01-24 v2.11 Base part for package epstopdf

(/usr/share/texlive/texmf-dist/tex/latex/grfext/grfext.sty
Package: grfext 2019/12/03 v1.3 Manage graphics extensions (HO)
)
Package epstopdf-base Info: Redefining graphics rule for `.eps' on input line 4
85.
Package grfext Info: Graphics extension search list:
(grfext)             [.pdf,.png,.jpg,.mps,.jpeg,.jbig2,.jb2,.PDF,.PNG,.JPG,.JPE
G,.JBIG2,.JB2,.eps]
(grfext)             \AppendGraphicsExtensions on input line 504.

(/usr/share/texlive/texmf-dist/tex/latex/latexconfig/epstopdf-sys.cfg
File: epstopdf-sys.cfg 2010/07/13 v1.3 Configuration of (r)epstopdf for TeX Liv
e
))
Package hyperref Info: Link coloring OFF on input line 49.

(/usr/share/texlive/texmf-dist/tex/latex/hyperref/nameref.sty
Package: nameref 2021-04-02 v2.47 Cross-referencing by name of section

(/usr/share/texlive/texmf-dist/tex/latex/refcount/refcount.sty
Package: refcount 2019/12/15 v3.6 Data extraction from label references (HO)
)
(/usr/share/texlive/texmf-dist/tex/generic/gettitlestring/gettitlestring.sty
Package: gettitlestring 2019/12/15 v1.6 Cleanup title references (HO)
)
\c@section@level=\count337
)
LaTeX Info: Redefining \ref on input line 49.
LaTeX Info: Redefining \pageref on input line 49.
LaTeX Info: Redefining \nameref on input line 49.

(./main.out) (./main.out)
\@outlinefile=\write4
\openout4 = `main.out'.

Package caption Info: Begin \AtBeginDocument code.
Package caption Info: subfig package v1.3 is loaded.
Package caption Info: float package is loaded.
Package caption Info: subfigure package is loaded.
Package caption Info: End \AtBeginDocument code.

Package pgfplots notification 'compat/show suggested version=true': you might b
enefit from \pgfplotsset{compat=1.18} (current compat level: 1.8).

*geometry* driver: auto-detecting
*geometry* detected driver: pdftex
*geometry* verbose mode - [ preamble ] result:
* driver: pdftex
* paper: <default>
* layout: <same size as paper>
* layoutoffset:(h,v)=(0.0pt,0.0pt)
* modes: 
* h-part:(L,W,R)=(92.14519pt, 430.00462pt, 92.14519pt)
* v-part:(T,H,B)=(95.39737pt, 556.47656pt, 143.09605pt)
* \paperwidth=614.295pt
* \paperheight=794.96999pt
* \textwidth=430.00462pt
* \textheight=556.47656pt
* \oddsidemargin=19.8752pt
* \evensidemargin=19.8752pt
* \topmargin=-13.87262pt
* \headheight=12.0pt
* \headsep=25.0pt
* \topskip=10.0pt
* \footskip=30.0pt
* \marginparwidth=4.0pt
* \marginparsep=10.0pt
* \columnsep=10.0pt
* \skip\footins=9.0pt plus 4.0pt minus 2.0pt
* \hoffset=0.0pt
* \voffset=0.0pt
* \mag=1000
* \@twocolumntrue
* \@twosidefalse
* \@mparswitchfalse
* \@reversemarginfalse
* (1in=72.27pt=25.4mm, 1cm=28.453pt)

LaTeX Font Info:    Trying to load font information for OT1+bskf on input line 
51.
(/usr/share/texlive/texmf-dist/tex/latex/boisik/ot1bskf.fd
File: ot1bskf.fd 2009/08/21 v0.5 Boisik font
)
LaTeX Font Info:    Trying to load font information for LBS+bsksy on input line
 51.

(/usr/share/texlive/texmf-dist/tex/latex/boisik/lbsbsksy.fd
File: lbsbsksy.fd 2009/08/21 v0.5 Boisik font
)
LaTeX Font Info:    Trying to load font information for U+bskex on input line 5
1.

(/usr/share/texlive/texmf-dist/tex/latex/boisik/ubskex.fd
File: ubskex.fd 2009/08/21 v0.5 Boisik font
)
LaTeX Font Info:    External font `bskex10' loaded for size
(Font)              <12> on input line 51.
LaTeX Font Info:    External font `bskex10' loaded for size
(Font)              <8> on input line 51.
LaTeX Font Info:    External font `bskex10' loaded for size
(Font)              <6> on input line 51.
LaTeX Font Info:    Trying to load font information for U+msa on input line 51.


(/usr/share/texlive/texmf-dist/tex/latex/amsfonts/umsa.fd
File: umsa.fd 2013/01/14 v3.01 AMS symbols A
)
LaTeX Font Info:    Trying to load font information for U+msb on input line 51.


(/usr/share/texlive/texmf-dist/tex/latex/amsfonts/umsb.fd
File: umsb.fd 2013/01/14 v3.01 AMS symbols B
)
LaTeX Font Info:    Trying to load font information for LBM+bskms on input line
 51.

(/usr/share/texlive/texmf-dist/tex/latex/boisik/lbmbskms.fd
File: lbmbskms.fd 2009/08/21 v0.5 Boisik font
)
LaTeX Font Info:    External font `bskex10' loaded for size
(Font)              <9> on input line 51.
LaTeX Font Info:    External font `bskex10' loaded for size
(Font)              <5> on input line 51.

Underfull \hbox (badness 1043) in paragraph at lines 53--55
\OT1/bsk/m/n/10 tides that in-hibit tu-mor cell pro-lif-er-a-tion.
 []


Underfull \hbox (badness 1163) in paragraph at lines 53--55
\OT1/bsk/m/n/10 pep-tides. We ex-tract fea-tures from pep-
 []


LaTeX Font Warning: Font shape `OT1/bsk/b/it' undefined
(Font)              using `OT1/bsk/b/n' instead on input line 56.

[1{/var/lib/texmf/fonts/map/pdftex/updmap/pdftex.map}


]
LaTeX Font Info:    External font `bskex10' loaded for size
(Font)              <10> on input line 135.
LaTeX Font Info:    External font `bskex10' loaded for size
(Font)              <7> on input line 135.
<Curve_ANN.png, id=67, 462.528pt x 346.896pt>
File: Curve_ANN.png Graphic file (type png)
<use Curve_ANN.png>
Package pdftex.def Info: Curve_ANN.png  used on input line 163.
(pdftex.def)             Requested size: 99.58464pt x 74.68704pt.
File: Curve_ANN.png Graphic file (type png)
<use Curve_ANN.png>
Package pdftex.def Info: Curve_ANN.png  used on input line 165.
(pdftex.def)             Requested size: 99.58464pt x 74.68704pt.

Underfull \hbox (badness 1616) in paragraph at lines 167--167
[]\OT1/bsk/m/n/10 Figure 2: |The re-ceiver op-er-at-ing curves
 []


LaTeX Warning: `!h' float specifier changed to `!ht'.

pdfTeX warning (ext4): destination with the same identifier (name{page.}) has b
een already used, duplicate ignored
<to be read again> 
                   \relax 
l.171 
       [2]
Underfull \hbox (badness 1158) in paragraph at lines 193--194
\OT1/bsk/m/n/9 dimensional con-vo-lu-tional neu-ral net-works (1D
 []

(./main.bbl
Underfull \hbox (badness 10000) in paragraph at lines 4--7
[]\OT1/bsk/m/n/9 P. Agrawal, D. Bha-gat, M. Ma-hal-wal,
 []


Underfull \hbox (badness 1158) in paragraph at lines 21--25
\OT1/bsk/m/it/9 IEEE In-tel-li-gent Sys-tems and their ap-pli-ca-tions\OT1/bsk/
m/n/9 ,
 []


Underfull \hbox (badness 10000) in paragraph at lines 49--53
\OT1/cmtt/m/n/9 org / health-[]professional /
 []


Underfull \hbox (badness 1418) in paragraph at lines 55--59
\OT1/bsk/m/n/9 a-sit-tikul, and W. Shoom-bu-a-tong.  Acpred:
 []


Underfull \hbox (badness 1917) in paragraph at lines 55--59
\OT1/bsk/m/n/9 anal-y-sis of an-ti-cancer pep-tides.  \OT1/bsk/m/it/9 Molecules
\OT1/bsk/m/n/9 ,
 []

)pdfTeX warning (ext4): destination with the same identifier (name{page.}) has 
been already used, duplicate ignored
<to be read again> 
                   \relax 
l.199 \end{document}
                     [3 <./Curve_ANN.png>] (./main.aux)

LaTeX Font Warning: Some font shapes were not available, defaults substituted.


LaTeX Warning: There were multiply-defined labels.

Package rerunfilecheck Info: File `main.out' has not changed.
(rerunfilecheck)             Checksum: C818CA0BE93C6F26AC4B83B49FA3CC1B;632.
 ) 
Here is how much of TeX's memory you used:
 34521 strings out of 480247
 796239 string characters out of 5896152
 1171183 words of memory out of 5000000
 51877 multiletter control sequences out of 15000+600000
 533243 words of font info for 88 fonts, out of 8000000 for 9000
 14 hyphenation exceptions out of 8191
 99i,11n,103p,970b,806s stack positions out of 5000i,500n,10000p,200000b,80000s
 </home/louai/.texlive2021/texmf-var/fonts/pk/ljfour/public/boisik/bski10.540
pk> </home/louai/.texlive2021/texmf-var/fonts/pk/ljfour/public/boisik/bskrsb10.
600pk> </home/louai/.texlive2021/texmf-var/fonts/pk/ljfour/public/boisik/bskrsb
10.540pk> </home/louai/.texlive2021/texmf-var/fonts/pk/ljfour/public/boisik/bsk
r10.600pk> </home/louai/.texlive2021/texmf-var/fonts/pk/ljfour/public/boisik/bs
krsb10.864pk> </home/louai/.texlive2021/texmf-var/fonts/pk/ljfour/public/boisik
/bskr10.540pk> </home/louai/.texlive2021/texmf-var/fonts/pk/ljfour/public/boisi
k/bskrf10.360pk> </home/louai/.texlive2021/texmf-var/fonts/pk/ljfour/public/boi
sik/bskrf10.480pk> </home/louai/.texlive2021/texmf-var/fonts/pk/ljfour/public/b
oisik/bskr10.720pk> </home/louai/.texlive2021/texmf-var/fonts/pk/ljfour/public/
boisik/bskr10.1037pk></usr/share/texlive/texmf-dist/fonts/type1/public/amsfonts
/cm/cmtt9.pfb>
Output written on main.pdf (3 pages, 124550 bytes).
PDF statistics:
 403 PDF objects out of 1000 (max. 8388607)
 132 compressed objects within 2 object streams
 30 named destinations out of 1000 (max. 500000)
 66 words of extra memory for PDF output out of 10000 (max. 10000000)

