\BOOKMARK [1][-]{section.1}{\376\377\000I\000n\000t\000r\000o\000d\000u\000c\000t\000i\000o\000n}{}% 1
\BOOKMARK [1][-]{section.2}{\376\377\000R\000e\000l\000a\000t\000e\000d\000\040\000W\000o\000r\000k}{}% 2
\BOOKMARK [2][-]{subsection.2.1}{\376\377\000H\000i\000s\000t\000o\000l\000o\000g\000y\000\040\000s\000y\000n\000t\000h\000e\000s\000i\000s}{section.2}% 3
\BOOKMARK [2][-]{subsection.2.2}{\376\377\000D\000i\000f\000f\000u\000s\000i\000o\000n\000\040\000m\000o\000d\000e\000l\000s}{section.2}% 4
\BOOKMARK [1][-]{section.3}{\376\377\000K\000e\000y\000\040\000T\000e\000r\000m\000s}{}% 5
\BOOKMARK [2][-]{subsection.3.1}{\376\377\000V\000a\000r\000i\000a\000t\000i\000o\000n\000a\000l\000\040\000A\000u\000t\000o\000e\000n\000c\000o\000d\000e\000r\000s}{section.3}% 6
\BOOKMARK [2][-]{subsection.3.2}{\376\377\000M\000o\000d\000i\000f\000i\000e\000d\000\040\000U\000N\000e\000t}{section.3}% 7
\BOOKMARK [2][-]{subsection.3.3}{\376\377\000T\000h\000e\000\040\000N\000e\000a\000r\000e\000s\000t\000\040\000N\000e\000i\000g\000h\000b\000o\000r\000s\000\040\000A\000l\000g\000o\000r\000i\000t\000h\000m}{section.3}% 8
\BOOKMARK [1][-]{section.4}{\376\377\000D\000a\000t\000a\000s\000e\000t}{}% 9
\BOOKMARK [1][-]{section.5}{\376\377\000M\000e\000t\000h\000o\000d\000o\000l\000o\000g\000y}{}% 10
\BOOKMARK [2][-]{subsection.5.1}{\376\377\000I\000m\000a\000g\000e\000\040\000s\000i\000m\000i\000l\000a\000r\000i\000t\000y\000\040\000s\000e\000a\000r\000c\000h}{section.5}% 11
\BOOKMARK [2][-]{subsection.5.2}{\376\377\000C\000o\000n\000v\000o\000l\000u\000t\000i\000o\000n\000a\000l\000\040\000a\000u\000t\000o\000e\000n\000c\000o\000d\000e\000r\000s\000\040\000a\000n\000d\000\040\0001\000D\000\040\000U\000N\000e\000t}{section.5}% 12
\BOOKMARK [3][-]{subsubsection.5.2.1}{\376\377\000S\000i\000n\000g\000l\000e\000\040\000i\000n\000p\000u\000t}{subsection.5.2}% 13
\BOOKMARK [3][-]{subsubsection.5.2.2}{\376\377\000D\000u\000a\000l\000\040\000i\000n\000p\000u\000t}{subsection.5.2}% 14
\BOOKMARK [2][-]{subsection.5.3}{\376\377\000D\000i\000f\000f\000u\000s\000i\000o\000n\000\040\000m\000o\000d\000e\000l\000s}{section.5}% 15
\BOOKMARK [1][-]{section.6}{\376\377\000R\000e\000s\000u\000l\000t\000s\000\040\000a\000n\000d\000\040\000F\000i\000n\000d\000i\000n\000g\000s}{}% 16
\BOOKMARK [2][-]{subsection.6.1}{\376\377\000I\000m\000a\000g\000e\000\040\000S\000i\000m\000i\000l\000a\000r\000i\000t\000y\000\040\000S\000e\000a\000r\000c\000h\000\040\000R\000e\000s\000u\000l\000t\000s}{section.6}% 17
\BOOKMARK [2][-]{subsection.6.2}{\376\377\000S\000i\000n\000g\000l\000e\000\040\000I\000n\000p\000u\000t\000\040\000I\000m\000a\000g\000e\000-\000t\000o\000-\000I\000m\000a\000g\000e\000\040\000T\000r\000a\000n\000s\000l\000a\000t\000i\000o\000n\000\040\000N\000e\000t\000w\000o\000r\000k\000\040\000R\000e\000s\000u\000l\000t\000s}{section.6}% 18
\BOOKMARK [2][-]{subsection.6.3}{\376\377\000D\000i\000f\000f\000u\000s\000i\000o\000n\000\040\000m\000o\000d\000e\000l\000\040\000r\000e\000s\000u\000l\000t\000s}{section.6}% 19
\BOOKMARK [1][-]{section.7}{\376\377\000C\000o\000n\000c\000l\000u\000s\000i\000o\000n}{}% 20
